<?xml version="1.0" encoding="UTF-8"?>
<testsuite xmlns:xsi="http://www.w3.org/2001/XMLSchema-instance" xsi:noNamespaceSchemaLocation="https://maven.apache.org/surefire/maven-surefire-plugin/xsd/surefire-test-report.xsd" name="FirstGetRequestTest" time="2.333" tests="1" errors="0" skipped="0" failures="0">
  <properties>
    <property name="java.specification.version" value="14"/>
    <property name="sun.jnu.encoding" value="UTF-8"/>
    <property name="java.class.path" value="/Users/a025/Documents/room/LearnQA_Java_API/target/test-classes:/Users/a025/Documents/room/LearnQA_Java_API/target/classes:/Users/a025/.m2/repository/org/junit/jupiter/junit-jupiter/5.8.1/junit-jupiter-5.8.1.jar:/Users/a025/.m2/repository/org/junit/jupiter/junit-jupiter-api/5.8.1/junit-jupiter-api-5.8.1.jar:/Users/a025/.m2/repository/org/opentest4j/opentest4j/1.2.0/opentest4j-1.2.0.jar:/Users/a025/.m2/repository/org/junit/platform/junit-platform-commons/1.8.1/junit-platform-commons-1.8.1.jar:/Users/a025/.m2/repository/org/apiguardian/apiguardian-api/1.1.2/apiguardian-api-1.1.2.jar:/Users/a025/.m2/repository/org/junit/jupiter/junit-jupiter-params/5.8.1/junit-jupiter-params-5.8.1.jar:/Users/a025/.m2/repository/org/junit/jupiter/junit-jupiter-engine/5.8.1/junit-jupiter-engine-5.8.1.jar:/Users/a025/.m2/repository/org/junit/platform/junit-platform-engine/1.8.1/junit-platform-engine-1.8.1.jar:/Users/a025/.m2/repository/com/fasterxml/jackson/core/jackson-databind/2.12.5/jackson-databind-2.12.5.jar:/Users/a025/.m2/repository/com/fasterxml/jackson/core/jackson-annotations/2.12.5/jackson-annotations-2.12.5.jar:/Users/a025/.m2/repository/com/fasterxml/jackson/core/jackson-core/2.12.5/jackson-core-2.12.5.jar:/Users/a025/.m2/repository/io/rest-assured/rest-assured/5.1.1/rest-assured-5.1.1.jar:/Users/a025/.m2/repository/org/apache/groovy/groovy/4.0.1/groovy-4.0.1.jar:/Users/a025/.m2/repository/org/apache/groovy/groovy-xml/4.0.1/groovy-xml-4.0.1.jar:/Users/a025/.m2/repository/org/apache/httpcomponents/httpclient/4.5.13/httpclient-4.5.13.jar:/Users/a025/.m2/repository/org/apache/httpcomponents/httpcore/4.4.13/httpcore-4.4.13.jar:/Users/a025/.m2/repository/commons-logging/commons-logging/1.2/commons-logging-1.2.jar:/Users/a025/.m2/repository/commons-codec/commons-codec/1.11/commons-codec-1.11.jar:/Users/a025/.m2/repository/org/apache/httpcomponents/httpmime/4.5.13/httpmime-4.5.13.jar:/Users/a025/.m2/repository/org/hamcrest/hamcrest/2.1/hamcrest-2.1.jar:/Users/a025/.m2/repository/org/ccil/cowan/tagsoup/tagsoup/1.2.1/tagsoup-1.2.1.jar:/Users/a025/.m2/repository/io/rest-assured/json-path/5.1.1/json-path-5.1.1.jar:/Users/a025/.m2/repository/org/apache/groovy/groovy-json/4.0.1/groovy-json-4.0.1.jar:/Users/a025/.m2/repository/io/rest-assured/rest-assured-common/5.1.1/rest-assured-common-5.1.1.jar:/Users/a025/.m2/repository/io/rest-assured/xml-path/5.1.1/xml-path-5.1.1.jar:/Users/a025/.m2/repository/org/apache/commons/commons-lang3/3.11/commons-lang3-3.11.jar:/Users/a025/.m2/repository/io/qameta/allure/allure-junit5/2.13.0/allure-junit5-2.13.0.jar:/Users/a025/.m2/repository/io/qameta/allure/allure-junit-platform/2.13.0/allure-junit-platform-2.13.0.jar:/Users/a025/.m2/repository/io/qameta/allure/allure-java-commons/2.13.0/allure-java-commons-2.13.0.jar:/Users/a025/.m2/repository/io/qameta/allure/allure-model/2.13.0/allure-model-2.13.0.jar:/Users/a025/.m2/repository/org/slf4j/slf4j-api/1.7.25/slf4j-api-1.7.25.jar:/Users/a025/.m2/repository/org/apache/tika/tika-core/1.20/tika-core-1.20.jar:/Users/a025/.m2/repository/org/jooq/joor-java-8/0.9.10/joor-java-8-0.9.10.jar:/Users/a025/.m2/repository/org/junit/platform/junit-platform-launcher/1.4.0/junit-platform-launcher-1.4.0.jar:/Users/a025/.m2/repository/io/qameta/allure/allure-rest-assured/2.19.0/allure-rest-assured-2.19.0.jar:/Users/a025/.m2/repository/io/qameta/allure/allure-attachments/2.19.0/allure-attachments-2.19.0.jar:/Users/a025/.m2/repository/org/freemarker/freemarker/2.3.31/freemarker-2.3.31.jar:"/>
    <property name="java.vm.vendor" value="Oracle Corporation"/>
    <property name="sun.arch.data.model" value="64"/>
    <property name="java.vendor.url" value="https://java.oracle.com/"/>
    <property name="user.timezone" value="Europe/Moscow"/>
    <property name="os.name" value="Mac OS X"/>
    <property name="java.vm.specification.version" value="14"/>
    <property name="sun.java.launcher" value="SUN_STANDARD"/>
    <property name="user.country" value="RU"/>
    <property name="sun.boot.library.path" value="/Library/Java/JavaVirtualMachines/jdk-14.0.2.jdk/Contents/Home/lib"/>
    <property name="sun.java.command" value="/Users/a025/Documents/room/LearnQA_Java_API/target/surefire/surefirebooter7432926739700852707.jar /Users/a025/Documents/room/LearnQA_Java_API/target/surefire 2023-07-16T14-22-23_563-jvmRun1 surefire16647347763449645577tmp surefire_014324477892029516053tmp"/>
    <property name="http.nonProxyHosts" value="local|*.local|169.254/16|*.169.254/16"/>
    <property name="jdk.debug" value="release"/>
    <property name="surefire.test.class.path" value="/Users/a025/Documents/room/LearnQA_Java_API/target/test-classes:/Users/a025/Documents/room/LearnQA_Java_API/target/classes:/Users/a025/.m2/repository/org/junit/jupiter/junit-jupiter/5.8.1/junit-jupiter-5.8.1.jar:/Users/a025/.m2/repository/org/junit/jupiter/junit-jupiter-api/5.8.1/junit-jupiter-api-5.8.1.jar:/Users/a025/.m2/repository/org/opentest4j/opentest4j/1.2.0/opentest4j-1.2.0.jar:/Users/a025/.m2/repository/org/junit/platform/junit-platform-commons/1.8.1/junit-platform-commons-1.8.1.jar:/Users/a025/.m2/repository/org/apiguardian/apiguardian-api/1.1.2/apiguardian-api-1.1.2.jar:/Users/a025/.m2/repository/org/junit/jupiter/junit-jupiter-params/5.8.1/junit-jupiter-params-5.8.1.jar:/Users/a025/.m2/repository/org/junit/jupiter/junit-jupiter-engine/5.8.1/junit-jupiter-engine-5.8.1.jar:/Users/a025/.m2/repository/org/junit/platform/junit-platform-engine/1.8.1/junit-platform-engine-1.8.1.jar:/Users/a025/.m2/repository/com/fasterxml/jackson/core/jackson-databind/2.12.5/jackson-databind-2.12.5.jar:/Users/a025/.m2/repository/com/fasterxml/jackson/core/jackson-annotations/2.12.5/jackson-annotations-2.12.5.jar:/Users/a025/.m2/repository/com/fasterxml/jackson/core/jackson-core/2.12.5/jackson-core-2.12.5.jar:/Users/a025/.m2/repository/io/rest-assured/rest-assured/5.1.1/rest-assured-5.1.1.jar:/Users/a025/.m2/repository/org/apache/groovy/groovy/4.0.1/groovy-4.0.1.jar:/Users/a025/.m2/repository/org/apache/groovy/groovy-xml/4.0.1/groovy-xml-4.0.1.jar:/Users/a025/.m2/repository/org/apache/httpcomponents/httpclient/4.5.13/httpclient-4.5.13.jar:/Users/a025/.m2/repository/org/apache/httpcomponents/httpcore/4.4.13/httpcore-4.4.13.jar:/Users/a025/.m2/repository/commons-logging/commons-logging/1.2/commons-logging-1.2.jar:/Users/a025/.m2/repository/commons-codec/commons-codec/1.11/commons-codec-1.11.jar:/Users/a025/.m2/repository/org/apache/httpcomponents/httpmime/4.5.13/httpmime-4.5.13.jar:/Users/a025/.m2/repository/org/hamcrest/hamcrest/2.1/hamcrest-2.1.jar:/Users/a025/.m2/repository/org/ccil/cowan/tagsoup/tagsoup/1.2.1/tagsoup-1.2.1.jar:/Users/a025/.m2/repository/io/rest-assured/json-path/5.1.1/json-path-5.1.1.jar:/Users/a025/.m2/repository/org/apache/groovy/groovy-json/4.0.1/groovy-json-4.0.1.jar:/Users/a025/.m2/repository/io/rest-assured/rest-assured-common/5.1.1/rest-assured-common-5.1.1.jar:/Users/a025/.m2/repository/io/rest-assured/xml-path/5.1.1/xml-path-5.1.1.jar:/Users/a025/.m2/repository/org/apache/commons/commons-lang3/3.11/commons-lang3-3.11.jar:/Users/a025/.m2/repository/io/qameta/allure/allure-junit5/2.13.0/allure-junit5-2.13.0.jar:/Users/a025/.m2/repository/io/qameta/allure/allure-junit-platform/2.13.0/allure-junit-platform-2.13.0.jar:/Users/a025/.m2/repository/io/qameta/allure/allure-java-commons/2.13.0/allure-java-commons-2.13.0.jar:/Users/a025/.m2/repository/io/qameta/allure/allure-model/2.13.0/allure-model-2.13.0.jar:/Users/a025/.m2/repository/org/slf4j/slf4j-api/1.7.25/slf4j-api-1.7.25.jar:/Users/a025/.m2/repository/org/apache/tika/tika-core/1.20/tika-core-1.20.jar:/Users/a025/.m2/repository/org/jooq/joor-java-8/0.9.10/joor-java-8-0.9.10.jar:/Users/a025/.m2/repository/org/junit/platform/junit-platform-launcher/1.4.0/junit-platform-launcher-1.4.0.jar:/Users/a025/.m2/repository/io/qameta/allure/allure-rest-assured/2.19.0/allure-rest-assured-2.19.0.jar:/Users/a025/.m2/repository/io/qameta/allure/allure-attachments/2.19.0/allure-attachments-2.19.0.jar:/Users/a025/.m2/repository/org/freemarker/freemarker/2.3.31/freemarker-2.3.31.jar:"/>
    <property name="sun.cpu.endian" value="little"/>
    <property name="user.home" value="/Users/a025"/>
    <property name="user.language" value="ru"/>
    <property name="java.specification.vendor" value="Oracle Corporation"/>
    <property name="java.version.date" value="2020-07-14"/>
    <property name="java.home" value="/Library/Java/JavaVirtualMachines/jdk-14.0.2.jdk/Contents/Home"/>
    <property name="file.separator" value="/"/>
    <property name="basedir" value="/Users/a025/Documents/room/LearnQA_Java_API"/>
    <property name="java.vm.compressedOopsMode" value="Zero based"/>
    <property name="line.separator" value="&#10;"/>
    <property name="java.vm.specification.vendor" value="Oracle Corporation"/>
    <property name="java.specification.name" value="Java Platform API Specification"/>
    <property name="surefire.real.class.path" value="/Users/a025/Documents/room/LearnQA_Java_API/target/surefire/surefirebooter7432926739700852707.jar"/>
    <property name="sun.management.compiler" value="HotSpot 64-Bit Tiered Compilers"/>
    <property name="ftp.nonProxyHosts" value="local|*.local|169.254/16|*.169.254/16"/>
    <property name="java.runtime.version" value="14.0.2+12-46"/>
    <property name="user.name" value="a025"/>
    <property name="path.separator" value=":"/>
    <property name="os.version" value="10.16"/>
    <property name="java.runtime.name" value="Java(TM) SE Runtime Environment"/>
    <property name="file.encoding" value="UTF-8"/>
    <property name="java.vm.name" value="Java HotSpot(TM) 64-Bit Server VM"/>
    <property name="localRepository" value="/Users/a025/.m2/repository"/>
    <property name="java.vendor.url.bug" value="https://bugreport.java.com/bugreport/"/>
    <property name="java.io.tmpdir" value="/var/folders/9h/l5wyp5dj61v7smjt2kynppgw0000gn/T/"/>
    <property name="idea.version" value="2023.1.4"/>
    <property name="java.version" value="14.0.2"/>
    <property name="user.dir" value="/Users/a025/Documents/room/LearnQA_Java_API"/>
    <property name="os.arch" value="x86_64"/>
    <property name="java.vm.specification.name" value="Java Virtual Machine Specification"/>
    <property name="java.library.path" value="/Users/a025/Library/Java/Extensions:/Library/Java/Extensions:/Network/Library/Java/Extensions:/System/Library/Java/Extensions:/usr/lib/java:."/>
    <property name="junit.jupiter.extensions.autodetection.enabled" value="true"/>
    <property name="java.vm.info" value="mixed mode, sharing"/>
    <property name="java.vendor" value="Oracle Corporation"/>
    <property name="java.vm.version" value="14.0.2+12-46"/>
    <property name="sun.io.unicode.encoding" value="UnicodeBig"/>
    <property name="socksNonProxyHosts" value="local|*.local|169.254/16|*.169.254/16"/>
    <property name="java.class.version" value="58.0"/>
  </properties>
  <testcase name="firstGetRequest" classname="FirstGetRequestTest" time="2.283"/>
</testsuite>